Start testing: Nov 13 16:04 CET
----------------------------------------------------------
7/8 Testing: ptxgenTest
7/8 Test: ptxgenTest
Command: "/home/tojas/cuda-samples/Samples/7_libNVVM/build/ptxgen/ptxgen" "/home/tojas/cuda-samples/Samples/7_libNVVM/ptxgen/test.ll"
Directory: /home/tojas/cuda-samples/Samples/7_libNVVM/build
"ptxgenTest" start time: Nov 13 16:04 CET
Output:
----------------------------------------------------------
Failed to verify the compilation unit
<end of output>
Test time =   0.05 sec
----------------------------------------------------------
Test Failed.
"ptxgenTest" end time: Nov 13 16:04 CET
"ptxgenTest" time elapsed: 00:00:00
----------------------------------------------------------

Failed test dependencies: ptxgenTest
1/8 Testing: test-cuda-shared-memory-shared_memory
1/8 Test: test-cuda-shared-memory-shared_memory
Command: ""
Directory: /home/tojas/cuda-samples/Samples/7_libNVVM/build
"test-cuda-shared-memory-shared_memory" start time: 
Output:
----------------------------------------------------------
<end of output>
Test time =   0.00 sec
----------------------------------------------------------
Test Passed.
"test-cuda-shared-memory-shared_memory" end time: Nov 13 16:04 CET
"test-cuda-shared-memory-shared_memory" time elapsed: 00:00:00
----------------------------------------------------------

Failed test dependencies: ptxgenTest
2/8 Testing: test-cuda-shared-memory-extern_shared_memory
2/8 Test: test-cuda-shared-memory-extern_shared_memory
Command: ""
Directory: /home/tojas/cuda-samples/Samples/7_libNVVM/build
"test-cuda-shared-memory-extern_shared_memory" start time: 
Output:
----------------------------------------------------------
<end of output>
Test time =   0.00 sec
----------------------------------------------------------
Test Passed.
"test-cuda-shared-memory-extern_shared_memory" end time: Nov 13 16:04 CET
"test-cuda-shared-memory-extern_shared_memory" time elapsed: 00:00:00
----------------------------------------------------------

3/8 Testing: device-side-launch
3/8 Test: device-side-launch
Command: "/home/tojas/cuda-samples/Samples/7_libNVVM/build/device-side-launch/dsl"
Directory: /home/tojas/cuda-samples/Samples/7_libNVVM/build
"device-side-launch" start time: Nov 13 16:04 CET
Output:
----------------------------------------------------------
nvvmCompileProgram: Failed
IR version 2.0 incompatible with current version 1.7
dsl-gpu64.ll: error: incompatible IR detected. Possible mix of compiler/IR from different releases.
Using CUDA Device [0]: Xavier
compute capability = 7.2
NVVM IR ll file loaded
<end of output>
Test time =   0.18 sec
----------------------------------------------------------
Test Failed.
"device-side-launch" end time: Nov 13 16:04 CET
"device-side-launch" time elapsed: 00:00:00
----------------------------------------------------------

4/8 Testing: simple
4/8 Test: simple
Command: "/home/tojas/cuda-samples/Samples/7_libNVVM/build/simple/simple"
Directory: /home/tojas/cuda-samples/Samples/7_libNVVM/build
"simple" start time: Nov 13 16:04 CET
Output:
----------------------------------------------------------
nvvmCompileProgram: Failed
IR version 2.0 incompatible with current version 1.7
simple-gpu64.ll: error: incompatible IR detected. Possible mix of compiler/IR from different releases.
NVVM IR (.ll) file loaded
<end of output>
Test time =   0.03 sec
----------------------------------------------------------
Test Failed.
"simple" end time: Nov 13 16:04 CET
"simple" time elapsed: 00:00:00
----------------------------------------------------------

Failed test dependencies: ptxgenTest
5/8 Testing: test-syscalls-malloc-free
5/8 Test: test-syscalls-malloc-free
Command: ""
Directory: /home/tojas/cuda-samples/Samples/7_libNVVM/build
"test-syscalls-malloc-free" start time: 
Output:
----------------------------------------------------------
<end of output>
Test time =   0.00 sec
----------------------------------------------------------
Test Passed.
"test-syscalls-malloc-free" end time: Nov 13 16:04 CET
"test-syscalls-malloc-free" time elapsed: 00:00:00
----------------------------------------------------------

Failed test dependencies: ptxgenTest
6/8 Testing: test-syscalls-vprintf
6/8 Test: test-syscalls-vprintf
Command: ""
Directory: /home/tojas/cuda-samples/Samples/7_libNVVM/build
"test-syscalls-vprintf" start time: 
Output:
----------------------------------------------------------
<end of output>
Test time =   0.00 sec
----------------------------------------------------------
Test Passed.
"test-syscalls-vprintf" end time: Nov 13 16:04 CET
"test-syscalls-vprintf" time elapsed: 00:00:00
----------------------------------------------------------

8/8 Testing: uvmlite
8/8 Test: uvmlite
Command: "/home/tojas/cuda-samples/Samples/7_libNVVM/build/uvmlite/uvmlite"
Directory: /home/tojas/cuda-samples/Samples/7_libNVVM/build
"uvmlite" start time: Nov 13 16:04 CET
Output:
----------------------------------------------------------
nvvmCompileProgram: Failed
IR version 2.0 incompatible with current version 1.7
uvmlite64.ll: error: incompatible IR detected. Possible mix of compiler/IR from different releases.
Using CUDA Device [0]: Xavier
compute capability = 7.2
NVVM IR ll file loaded
<end of output>
Test time =   0.14 sec
----------------------------------------------------------
Test Failed.
"uvmlite" end time: Nov 13 16:04 CET
"uvmlite" time elapsed: 00:00:00
----------------------------------------------------------

End testing: Nov 13 16:04 CET
